2025-05-29 12:13:11,212 - core.intrusion_trainer - INFO - Loading dataset from /Users/lightwave/Downloads/archive/Friday-WorkingHours-Afternoon-DDos.pcap_ISCX.csv
2025-05-29 12:13:13,188 - core.intrusion_trainer - INFO - Successfully loaded with encoding=utf-8, separator=','
2025-05-29 12:13:13,189 - core.intrusion_trainer - INFO - Dataset loaded: 225745 rows, 79 columns
2025-05-29 12:13:13,190 - core.intrusion_trainer - INFO - Columns: ['Destination Port', 'Flow Duration', 'Total Fwd Packets', 'Total Backward Packets', 'Total Length of Fwd Packets', 'Total Length of Bwd Packets', 'Fwd Packet Length Max', 'Fwd Packet Length Min', 'Fwd Packet Length Mean', 'Fwd Packet Length Std', 'Bwd Packet Length Max', 'Bwd Packet Length Min', 'Bwd Packet Length Mean', 'Bwd Packet Length Std', 'Flow Bytes/s', 'Flow Packets/s', 'Flow IAT Mean', 'Flow IAT Std', 'Flow IAT Max', 'Flow IAT Min', 'Fwd IAT Total', 'Fwd IAT Mean', 'Fwd IAT Std', 'Fwd IAT Max', 'Fwd IAT Min', 'Bwd IAT Total', 'Bwd IAT Mean', 'Bwd IAT Std', 'Bwd IAT Max', 'Bwd IAT Min', 'Fwd PSH Flags', 'Bwd PSH Flags', 'Fwd URG Flags', 'Bwd URG Flags', 'Fwd Header Length', 'Bwd Header Length', 'Fwd Packets/s', 'Bwd Packets/s', 'Min Packet Length', 'Max Packet Length', 'Packet Length Mean', 'Packet Length Std', 'Packet Length Variance', 'FIN Flag Count', 'SYN Flag Count', 'RST Flag Count', 'PSH Flag Count', 'ACK Flag Count', 'URG Flag Count', 'CWE Flag Count', 'ECE Flag Count', 'Down/Up Ratio', 'Average Packet Size', 'Avg Fwd Segment Size', 'Avg Bwd Segment Size', 'Fwd Header Length.1', 'Fwd Avg Bytes/Bulk', 'Fwd Avg Packets/Bulk', 'Fwd Avg Bulk Rate', 'Bwd Avg Bytes/Bulk', 'Bwd Avg Packets/Bulk', 'Bwd Avg Bulk Rate', 'Subflow Fwd Packets', 'Subflow Fwd Bytes', 'Subflow Bwd Packets', 'Subflow Bwd Bytes', 'Init_Win_bytes_forward', 'Init_Win_bytes_backward', 'act_data_pkt_fwd', 'min_seg_size_forward', 'Active Mean', 'Active Std', 'Active Max', 'Active Min', 'Idle Mean', 'Idle Std', 'Idle Max', 'Idle Min', 'Label']
2025-05-29 12:13:13,190 - core.intrusion_trainer - INFO - Using 'Label' as label column
2025-05-29 12:13:13,204 - core.intrusion_trainer - INFO - Label distribution:
Label
DDoS      128027
BENIGN     97718
Name: count, dtype: int64
2025-05-29 12:13:13,205 - core.intrusion_trainer - INFO - Starting data preprocessing...
2025-05-29 12:13:14,207 - core.intrusion_trainer - INFO - Removed 2633 duplicate rows
2025-05-29 12:13:14,264 - core.intrusion_trainer - INFO - Preprocessed data shape: (223112, 78)
2025-05-29 12:13:14,282 - core.intrusion_trainer - INFO - Final label distribution:
Label
DDOS      128016
BENIGN     95096
Name: count, dtype: int64
2025-05-29 12:13:14,285 - core.intrusion_trainer - INFO - Training binary classifier...
2025-05-29 12:13:14,352 - core.intrusion_trainer - INFO - Binary label distribution:
Label
1    128016
0     95096
Name: count, dtype: int64
2025-05-29 12:24:00,266 - core.intrusion_trainer - INFO - Binary classifier trained - Accuracy: 0.9998, F1: 0.9998, AUC: 1.0000
2025-05-29 12:24:00,276 - core.intrusion_trainer - INFO - Training multi-class classifier...
2025-05-29 12:24:14,701 - core.intrusion_trainer - INFO - Multi-class classifier trained - Accuracy: 0.9998, F1: 0.9998
2025-05-29 12:24:14,721 - core.intrusion_trainer - INFO - Training anomaly detector...
2025-05-29 12:24:17,572 - core.intrusion_trainer - INFO - Anomaly detector trained - Outliers detected: 22312
2025-05-29 12:24:17,672 - core.management.commands.train_models - ERROR - Training failed with exception
Traceback (most recent call last):
  File "/Users/lightwave/projects/dcdpapi/dcdp/core/management/commands/train_models.py", line 225, in handle
    saved_models = trainer.save_models()
                   ^^^^^^^^^^^^^^^^^^^^^
  File "/Users/lightwave/projects/dcdpapi/dcdp/core/intrusion_trainer.py", line 510, in save_models
    ml_model = MLModel.objects.create(
               ^^^^^^^^^^^^^^^^^^^^^^^
  File "/Users/lightwave/projects/dcdpapi/venv/lib/python3.12/site-packages/django/db/models/manager.py", line 87, in manager_method
    return getattr(self.get_queryset(), name)(*args, **kwargs)
           ^^^^^^^^^^^^^^^^^^^^^^^^^^^^^^^^^^^^^^^^^^^^^^^^^^^
  File "/Users/lightwave/projects/dcdpapi/venv/lib/python3.12/site-packages/django/db/models/query.py", line 661, in create
    obj = self.model(**kwargs)
          ^^^^^^^^^^^^^^^^^^^^
  File "/Users/lightwave/projects/dcdpapi/venv/lib/python3.12/site-packages/django/db/models/base.py", line 569, in __init__
    raise TypeError(
TypeError: MLModel() got unexpected keyword arguments: 'training_data_size', 'feature_count', 'hyperparameters', 'evaluation_metrics'
2025-05-29 12:27:14,582 - core.intrusion_trainer - INFO - Loading dataset from /Users/lightwave/Downloads/archive/Friday-WorkingHours-Afternoon-DDos.pcap_ISCX.csv
2025-05-29 12:27:16,589 - core.intrusion_trainer - INFO - Successfully loaded with encoding=utf-8, separator=','
2025-05-29 12:27:16,589 - core.intrusion_trainer - INFO - Dataset loaded: 225745 rows, 79 columns
2025-05-29 12:27:16,591 - core.intrusion_trainer - INFO - Columns: ['Destination Port', 'Flow Duration', 'Total Fwd Packets', 'Total Backward Packets', 'Total Length of Fwd Packets', 'Total Length of Bwd Packets', 'Fwd Packet Length Max', 'Fwd Packet Length Min', 'Fwd Packet Length Mean', 'Fwd Packet Length Std', 'Bwd Packet Length Max', 'Bwd Packet Length Min', 'Bwd Packet Length Mean', 'Bwd Packet Length Std', 'Flow Bytes/s', 'Flow Packets/s', 'Flow IAT Mean', 'Flow IAT Std', 'Flow IAT Max', 'Flow IAT Min', 'Fwd IAT Total', 'Fwd IAT Mean', 'Fwd IAT Std', 'Fwd IAT Max', 'Fwd IAT Min', 'Bwd IAT Total', 'Bwd IAT Mean', 'Bwd IAT Std', 'Bwd IAT Max', 'Bwd IAT Min', 'Fwd PSH Flags', 'Bwd PSH Flags', 'Fwd URG Flags', 'Bwd URG Flags', 'Fwd Header Length', 'Bwd Header Length', 'Fwd Packets/s', 'Bwd Packets/s', 'Min Packet Length', 'Max Packet Length', 'Packet Length Mean', 'Packet Length Std', 'Packet Length Variance', 'FIN Flag Count', 'SYN Flag Count', 'RST Flag Count', 'PSH Flag Count', 'ACK Flag Count', 'URG Flag Count', 'CWE Flag Count', 'ECE Flag Count', 'Down/Up Ratio', 'Average Packet Size', 'Avg Fwd Segment Size', 'Avg Bwd Segment Size', 'Fwd Header Length.1', 'Fwd Avg Bytes/Bulk', 'Fwd Avg Packets/Bulk', 'Fwd Avg Bulk Rate', 'Bwd Avg Bytes/Bulk', 'Bwd Avg Packets/Bulk', 'Bwd Avg Bulk Rate', 'Subflow Fwd Packets', 'Subflow Fwd Bytes', 'Subflow Bwd Packets', 'Subflow Bwd Bytes', 'Init_Win_bytes_forward', 'Init_Win_bytes_backward', 'act_data_pkt_fwd', 'min_seg_size_forward', 'Active Mean', 'Active Std', 'Active Max', 'Active Min', 'Idle Mean', 'Idle Std', 'Idle Max', 'Idle Min', 'Label']
2025-05-29 12:27:16,591 - core.intrusion_trainer - INFO - Using 'Label' as label column
2025-05-29 12:27:16,606 - core.intrusion_trainer - INFO - Label distribution:
Label
DDoS      128027
BENIGN     97718
Name: count, dtype: int64
2025-05-29 12:27:16,606 - core.intrusion_trainer - INFO - Starting data preprocessing...
2025-05-29 12:27:17,588 - core.intrusion_trainer - INFO - Removed 2633 duplicate rows
2025-05-29 12:27:17,655 - core.intrusion_trainer - INFO - Preprocessed data shape: (223112, 78)
2025-05-29 12:27:17,675 - core.intrusion_trainer - INFO - Final label distribution:
Label
DDOS      128016
BENIGN     95096
Name: count, dtype: int64
2025-05-29 12:27:17,679 - core.intrusion_trainer - INFO - Training binary classifier...
2025-05-29 12:27:17,753 - core.intrusion_trainer - INFO - Binary label distribution:
Label
1    128016
0     95096
Name: count, dtype: int64
2025-05-29 12:37:40,138 - core.intrusion_trainer - INFO - Binary classifier trained - Accuracy: 0.9998, F1: 0.9998, AUC: 1.0000
2025-05-29 12:37:40,180 - core.intrusion_trainer - INFO - Training multi-class classifier...
2025-05-29 12:37:57,050 - core.intrusion_trainer - INFO - Multi-class classifier trained - Accuracy: 0.9998, F1: 0.9998
2025-05-29 12:37:57,077 - core.intrusion_trainer - INFO - Training anomaly detector...
2025-05-29 12:38:01,540 - core.intrusion_trainer - INFO - Anomaly detector trained - Outliers detected: 22312
2025-05-29 12:38:01,700 - core.management.commands.train_models - ERROR - Training failed with exception
Traceback (most recent call last):
  File "/Users/lightwave/projects/dcdpapi/venv/lib/python3.12/site-packages/django/db/backends/utils.py", line 105, in _execute
    return self.cursor.execute(sql, params)
           ^^^^^^^^^^^^^^^^^^^^^^^^^^^^^^^^
  File "/Users/lightwave/projects/dcdpapi/venv/lib/python3.12/site-packages/django/db/backends/sqlite3/base.py", line 360, in execute
    return super().execute(query, params)
           ^^^^^^^^^^^^^^^^^^^^^^^^^^^^^^
sqlite3.OperationalError: no such table: core_mlmodel

The above exception was the direct cause of the following exception:

Traceback (most recent call last):
  File "/Users/lightwave/projects/dcdpapi/dcdp/core/management/commands/train_models.py", line 225, in handle
    saved_models = trainer.save_models()
                   ^^^^^^^^^^^^^^^^^^^^^
  File "/Users/lightwave/projects/dcdpapi/dcdp/core/intrusion_trainer.py", line 510, in save_models
    ml_model = MLModel.objects.create(
               ^^^^^^^^^^^^^^^^^^^^^^^
  File "/Users/lightwave/projects/dcdpapi/venv/lib/python3.12/site-packages/django/db/models/manager.py", line 87, in manager_method
    return getattr(self.get_queryset(), name)(*args, **kwargs)
           ^^^^^^^^^^^^^^^^^^^^^^^^^^^^^^^^^^^^^^^^^^^^^^^^^^^
  File "/Users/lightwave/projects/dcdpapi/venv/lib/python3.12/site-packages/django/db/models/query.py", line 663, in create
    obj.save(force_insert=True, using=self.db)
  File "/Users/lightwave/projects/dcdpapi/venv/lib/python3.12/site-packages/django/db/models/base.py", line 902, in save
    self.save_base(
  File "/Users/lightwave/projects/dcdpapi/venv/lib/python3.12/site-packages/django/db/models/base.py", line 1008, in save_base
    updated = self._save_table(
              ^^^^^^^^^^^^^^^^^
  File "/Users/lightwave/projects/dcdpapi/venv/lib/python3.12/site-packages/django/db/models/base.py", line 1169, in _save_table
    results = self._do_insert(
              ^^^^^^^^^^^^^^^^
  File "/Users/lightwave/projects/dcdpapi/venv/lib/python3.12/site-packages/django/db/models/base.py", line 1210, in _do_insert
    return manager._insert(
           ^^^^^^^^^^^^^^^^
  File "/Users/lightwave/projects/dcdpapi/venv/lib/python3.12/site-packages/django/db/models/manager.py", line 87, in manager_method
    return getattr(self.get_queryset(), name)(*args, **kwargs)
           ^^^^^^^^^^^^^^^^^^^^^^^^^^^^^^^^^^^^^^^^^^^^^^^^^^^
  File "/Users/lightwave/projects/dcdpapi/venv/lib/python3.12/site-packages/django/db/models/query.py", line 1864, in _insert
    return query.get_compiler(using=using).execute_sql(returning_fields)
           ^^^^^^^^^^^^^^^^^^^^^^^^^^^^^^^^^^^^^^^^^^^^^^^^^^^^^^^^^^^^^
  File "/Users/lightwave/projects/dcdpapi/venv/lib/python3.12/site-packages/django/db/models/sql/compiler.py", line 1882, in execute_sql
    cursor.execute(sql, params)
  File "/Users/lightwave/projects/dcdpapi/venv/lib/python3.12/site-packages/django/db/backends/utils.py", line 122, in execute
    return super().execute(sql, params)
           ^^^^^^^^^^^^^^^^^^^^^^^^^^^^
  File "/Users/lightwave/projects/dcdpapi/venv/lib/python3.12/site-packages/django/db/backends/utils.py", line 79, in execute
    return self._execute_with_wrappers(
           ^^^^^^^^^^^^^^^^^^^^^^^^^^^^
  File "/Users/lightwave/projects/dcdpapi/venv/lib/python3.12/site-packages/django/db/backends/utils.py", line 92, in _execute_with_wrappers
    return executor(sql, params, many, context)
           ^^^^^^^^^^^^^^^^^^^^^^^^^^^^^^^^^^^^
  File "/Users/lightwave/projects/dcdpapi/venv/lib/python3.12/site-packages/django/db/backends/utils.py", line 100, in _execute
    with self.db.wrap_database_errors:
  File "/Users/lightwave/projects/dcdpapi/venv/lib/python3.12/site-packages/django/db/utils.py", line 91, in __exit__
    raise dj_exc_value.with_traceback(traceback) from exc_value
  File "/Users/lightwave/projects/dcdpapi/venv/lib/python3.12/site-packages/django/db/backends/utils.py", line 105, in _execute
    return self.cursor.execute(sql, params)
           ^^^^^^^^^^^^^^^^^^^^^^^^^^^^^^^^
  File "/Users/lightwave/projects/dcdpapi/venv/lib/python3.12/site-packages/django/db/backends/sqlite3/base.py", line 360, in execute
    return super().execute(query, params)
           ^^^^^^^^^^^^^^^^^^^^^^^^^^^^^^
django.db.utils.OperationalError: no such table: core_mlmodel
2025-05-29 12:41:05,590 - core.intrusion_trainer - INFO - Loading dataset from /Users/lightwave/Downloads/archive/Friday-WorkingHours-Afternoon-DDos.pcap_ISCX.csv
2025-05-29 12:41:07,553 - core.intrusion_trainer - INFO - Successfully loaded with encoding=utf-8, separator=','
2025-05-29 12:41:07,553 - core.intrusion_trainer - INFO - Dataset loaded: 225745 rows, 79 columns
2025-05-29 12:41:07,554 - core.intrusion_trainer - INFO - Columns: ['Destination Port', 'Flow Duration', 'Total Fwd Packets', 'Total Backward Packets', 'Total Length of Fwd Packets', 'Total Length of Bwd Packets', 'Fwd Packet Length Max', 'Fwd Packet Length Min', 'Fwd Packet Length Mean', 'Fwd Packet Length Std', 'Bwd Packet Length Max', 'Bwd Packet Length Min', 'Bwd Packet Length Mean', 'Bwd Packet Length Std', 'Flow Bytes/s', 'Flow Packets/s', 'Flow IAT Mean', 'Flow IAT Std', 'Flow IAT Max', 'Flow IAT Min', 'Fwd IAT Total', 'Fwd IAT Mean', 'Fwd IAT Std', 'Fwd IAT Max', 'Fwd IAT Min', 'Bwd IAT Total', 'Bwd IAT Mean', 'Bwd IAT Std', 'Bwd IAT Max', 'Bwd IAT Min', 'Fwd PSH Flags', 'Bwd PSH Flags', 'Fwd URG Flags', 'Bwd URG Flags', 'Fwd Header Length', 'Bwd Header Length', 'Fwd Packets/s', 'Bwd Packets/s', 'Min Packet Length', 'Max Packet Length', 'Packet Length Mean', 'Packet Length Std', 'Packet Length Variance', 'FIN Flag Count', 'SYN Flag Count', 'RST Flag Count', 'PSH Flag Count', 'ACK Flag Count', 'URG Flag Count', 'CWE Flag Count', 'ECE Flag Count', 'Down/Up Ratio', 'Average Packet Size', 'Avg Fwd Segment Size', 'Avg Bwd Segment Size', 'Fwd Header Length.1', 'Fwd Avg Bytes/Bulk', 'Fwd Avg Packets/Bulk', 'Fwd Avg Bulk Rate', 'Bwd Avg Bytes/Bulk', 'Bwd Avg Packets/Bulk', 'Bwd Avg Bulk Rate', 'Subflow Fwd Packets', 'Subflow Fwd Bytes', 'Subflow Bwd Packets', 'Subflow Bwd Bytes', 'Init_Win_bytes_forward', 'Init_Win_bytes_backward', 'act_data_pkt_fwd', 'min_seg_size_forward', 'Active Mean', 'Active Std', 'Active Max', 'Active Min', 'Idle Mean', 'Idle Std', 'Idle Max', 'Idle Min', 'Label']
2025-05-29 12:41:07,554 - core.intrusion_trainer - INFO - Using 'Label' as label column
2025-05-29 12:41:07,566 - core.intrusion_trainer - INFO - Label distribution:
Label
DDoS      128027
BENIGN     97718
Name: count, dtype: int64
2025-05-29 12:41:07,566 - core.intrusion_trainer - INFO - Starting data preprocessing...
2025-05-29 12:41:08,499 - core.intrusion_trainer - INFO - Removed 2633 duplicate rows
2025-05-29 12:41:08,559 - core.intrusion_trainer - INFO - Preprocessed data shape: (223112, 78)
2025-05-29 12:41:08,576 - core.intrusion_trainer - INFO - Final label distribution:
Label
DDOS      128016
BENIGN     95096
Name: count, dtype: int64
2025-05-29 12:41:08,580 - core.intrusion_trainer - INFO - Training binary classifier...
2025-05-29 12:41:08,646 - core.intrusion_trainer - INFO - Binary label distribution:
Label
1    128016
0     95096
Name: count, dtype: int64
2025-05-29 12:52:50,879 - core.intrusion_trainer - INFO - Binary classifier trained - Accuracy: 0.9998, F1: 0.9998, AUC: 1.0000
2025-05-29 12:52:50,904 - core.intrusion_trainer - INFO - Training multi-class classifier...
2025-05-29 12:53:07,288 - core.intrusion_trainer - INFO - Multi-class classifier trained - Accuracy: 0.9998, F1: 0.9998
2025-05-29 12:53:07,320 - core.intrusion_trainer - INFO - Training anomaly detector...
2025-05-29 12:53:11,727 - core.intrusion_trainer - INFO - Anomaly detector trained - Outliers detected: 22312
2025-05-29 12:53:12,125 - core.intrusion_trainer - INFO - Saved binary model to /Users/lightwave/projects/dcdpapi/dcdp/media/ml_models/binary_model_20250529_125311.joblib
2025-05-29 12:53:12,196 - core.intrusion_trainer - INFO - Saved multiclass model to /Users/lightwave/projects/dcdpapi/dcdp/media/ml_models/multiclass_model_20250529_125312.joblib
2025-05-29 12:53:12,246 - core.intrusion_trainer - INFO - Saved anomaly model to /Users/lightwave/projects/dcdpapi/dcdp/media/ml_models/anomaly_model_20250529_125312.joblib
2025-05-29 12:53:12,248 - core.intrusion_trainer - INFO - Evaluation report saved to /Users/lightwave/projects/dcdpapi/dcdp/media/ml_models/evaluation_report_20250529_125312.json
